This is pdfTeX, Version 3.141592653-2.6-1.40.23 (TeX Live 2021/W32TeX) (preloaded format=pdflatex 2021.10.30)  18 FEB 2023 16:01
entering extended mode
 restricted \write18 enabled.
 file:line:error style messages enabled.
 %&-line parsing enabled.
**c:/Users/jonas/Nextcloud/Documents/Uni/Numerik/Zusammenfassung/document.tex
(c:/Users/jonas/Nextcloud/Documents/Uni/Numerik/Zusammenfassung/document.tex
LaTeX2e <2021-06-01> patch level 1
L3 programming layer <2021-10-18> (c:/texlive/2021/texmf-dist/tex/latex/base/article.cls
Document Class: article 2021/02/12 v1.4n Standard LaTeX document class
(c:/texlive/2021/texmf-dist/tex/latex/base/size10.clo
File: size10.clo 2021/02/12 v1.4n Standard LaTeX file (size option)
)
\c@part=\count182
\c@section=\count183
\c@subsection=\count184
\c@subsubsection=\count185
\c@paragraph=\count186
\c@subparagraph=\count187
\c@figure=\count188
\c@table=\count189
\abovecaptionskip=\skip47
\belowcaptionskip=\skip48
\bibindent=\dimen138
) (c:/texlive/2021/texmf-dist/tex/latex/base/inputenc.sty
Package: inputenc 2021/02/14 v1.3d Input encoding file
\inpenc@prehook=\toks16
\inpenc@posthook=\toks17
) (c:/texlive/2021/texmf-dist/tex/latex/base/fontenc.sty
Package: fontenc 2021/04/29 v2.0v Standard LaTeX package
) (c:/texlive/2021/texmf-dist/tex/latex/amsmath/amsmath.sty
Package: amsmath 2021/04/20 v2.17j AMS math features
\@mathmargin=\skip49

For additional information on amsmath, use the `?' option.
(c:/texlive/2021/texmf-dist/tex/latex/amsmath/amstext.sty
Package: amstext 2000/06/29 v2.01 AMS text
 (c:/texlive/2021/texmf-dist/tex/latex/amsmath/amsgen.sty
File: amsgen.sty 1999/11/30 v2.0 generic functions
\@emptytoks=\toks18
\ex@=\dimen139
)) (c:/texlive/2021/texmf-dist/tex/latex/amsmath/amsbsy.sty
Package: amsbsy 1999/11/29 v1.2d Bold Symbols
\pmbraise@=\dimen140
) (c:/texlive/2021/texmf-dist/tex/latex/amsmath/amsopn.sty
Package: amsopn 2016/03/08 v2.02 operator names
)
\inf@bad=\count190
LaTeX Info: Redefining \frac on input line 234.
\uproot@=\count191
\leftroot@=\count192
LaTeX Info: Redefining \overline on input line 399.
\classnum@=\count193
\DOTSCASE@=\count194
LaTeX Info: Redefining \ldots on input line 496.
LaTeX Info: Redefining \dots on input line 499.
LaTeX Info: Redefining \cdots on input line 620.
\Mathstrutbox@=\box50
\strutbox@=\box51
\big@size=\dimen141
LaTeX Font Info:    Redeclaring font encoding OML on input line 743.
LaTeX Font Info:    Redeclaring font encoding OMS on input line 744.
\macc@depth=\count195
\c@MaxMatrixCols=\count196
\dotsspace@=\muskip16
\c@parentequation=\count197
\dspbrk@lvl=\count198
\tag@help=\toks19
\row@=\count199
\column@=\count266
\maxfields@=\count267
\andhelp@=\toks20
\eqnshift@=\dimen142
\alignsep@=\dimen143
\tagshift@=\dimen144
\tagwidth@=\dimen145
\totwidth@=\dimen146
\lineht@=\dimen147
\@envbody=\toks21
\multlinegap=\skip50
\multlinetaggap=\skip51
\mathdisplay@stack=\toks22
LaTeX Info: Redefining \[ on input line 2923.
LaTeX Info: Redefining \] on input line 2924.
) (c:/texlive/2021/texmf-dist/tex/latex/amsfonts/amssymb.sty
Package: amssymb 2013/01/14 v3.01 AMS font symbols
 (c:/texlive/2021/texmf-dist/tex/latex/amsfonts/amsfonts.sty
Package: amsfonts 2013/01/14 v3.01 Basic AMSFonts support
\symAMSa=\mathgroup4
\symAMSb=\mathgroup5
LaTeX Font Info:    Redeclaring math symbol \hbar on input line 98.
LaTeX Font Info:    Overwriting math alphabet `\mathfrak' in version `bold'
(Font)                  U/euf/m/n --> U/euf/b/n on input line 106.
)) (c:/texlive/2021/texmf-dist/tex/latex/graphics/graphicx.sty
Package: graphicx 2020/12/05 v1.2c Enhanced LaTeX Graphics (DPC,SPQR)
 (c:/texlive/2021/texmf-dist/tex/latex/graphics/keyval.sty
Package: keyval 2014/10/28 v1.15 key=value parser (DPC)
\KV@toks@=\toks23
) (c:/texlive/2021/texmf-dist/tex/latex/graphics/graphics.sty
Package: graphics 2021/03/04 v1.4d Standard LaTeX Graphics (DPC,SPQR)
 (c:/texlive/2021/texmf-dist/tex/latex/graphics/trig.sty
Package: trig 2016/01/03 v1.10 sin cos tan (DPC)
) (c:/texlive/2021/texmf-dist/tex/latex/graphics-cfg/graphics.cfg
File: graphics.cfg 2016/06/04 v1.11 sample graphics configuration
)
Package graphics Info: Driver file: pdftex.def on input line 107.
 (c:/texlive/2021/texmf-dist/tex/latex/graphics-def/pdftex.def
File: pdftex.def 2020/10/05 v1.2a Graphics/color driver for pdftex
))
\Gin@req@height=\dimen148
\Gin@req@width=\dimen149
)
\c@theorem=\count268
\c@definition=\count269
 (c:/texlive/2021/texmf-dist/tex/latex/algorithms/algorithm.sty
Package: algorithm 2009/08/24 v0.1 Document Style `algorithm' - floating environment
 (c:/texlive/2021/texmf-dist/tex/latex/float/float.sty
Package: float 2001/11/08 v1.3d Float enhancements (AL)
\c@float@type=\count270
\float@exts=\toks24
\float@box=\box52
\@float@everytoks=\toks25
\@floatcapt=\box53
) (c:/texlive/2021/texmf-dist/tex/latex/base/ifthen.sty
Package: ifthen 2020/11/24 v1.1c Standard LaTeX ifthen package (DPC)
)
\@float@every@algorithm=\toks26
\c@algorithm=\count271
) (c:/texlive/2021/texmf-dist/tex/latex/algorithmicx/algpseudocode.sty
Package: algpseudocode 
 (c:/texlive/2021/texmf-dist/tex/latex/algorithmicx/algorithmicx.sty
Package: algorithmicx 2005/04/27 v1.2 Algorithmicx

Document Style algorithmicx 1.2 - a greatly improved `algorithmic' style
\c@ALG@line=\count272
\c@ALG@rem=\count273
\c@ALG@nested=\count274
\ALG@tlm=\skip52
\ALG@thistlm=\skip53
\c@ALG@Lnr=\count275
\c@ALG@blocknr=\count276
\c@ALG@storecount=\count277
\c@ALG@tmpcounter=\count278
\ALG@tmplength=\skip54
)
Document Style - pseudocode environments for use with the `algorithmicx' style
) (c:/texlive/2021/texmf-dist/tex/latex/listings/listings.sty
\lst@mode=\count279
\lst@gtempboxa=\box54
\lst@token=\toks27
\lst@length=\count280
\lst@currlwidth=\dimen150
\lst@column=\count281
\lst@pos=\count282
\lst@lostspace=\dimen151
\lst@width=\dimen152
\lst@newlines=\count283
\lst@lineno=\count284
\lst@maxwidth=\dimen153
 (c:/texlive/2021/texmf-dist/tex/latex/listings/lstmisc.sty
File: lstmisc.sty 2020/03/24 1.8d (Carsten Heinz)
\c@lstnumber=\count285
\lst@skipnumbers=\count286
\lst@framebox=\box55
) (c:/texlive/2021/texmf-dist/tex/latex/listings/listings.cfg
File: listings.cfg 2020/03/24 1.8d listings configuration
))
Package: listings 2020/03/24 1.8d (Carsten Heinz)
 (c:/texlive/2021/texmf-dist/tex/latex/lstaddons/lstautogobble.sty
Package: lstautogobble 2012/05/03 v0.1 Implements 'autogobble' option for 'listings'
\lstag@spacecount=\count287
) (c:/texlive/2021/texmf-dist/tex/latex/listings/lstlang1.sty
File: lstlang1.sty 2020/03/24 1.8d listings language file
) (c:/texlive/2021/texmf-dist/tex/latex/l3backend/l3backend-pdftex.def
File: l3backend-pdftex.def 2021-10-18 L3 backend support: PDF output (pdfTeX)
\l__color_backend_stack_int=\count288
\l__pdf_internal_box=\box56
) (./document.aux)
\openout1 = `document.aux'.

LaTeX Font Info:    Checking defaults for OML/cmm/m/it on input line 18.
LaTeX Font Info:    ... okay on input line 18.
LaTeX Font Info:    Checking defaults for OMS/cmsy/m/n on input line 18.
LaTeX Font Info:    ... okay on input line 18.
LaTeX Font Info:    Checking defaults for OT1/cmr/m/n on input line 18.
LaTeX Font Info:    ... okay on input line 18.
LaTeX Font Info:    Checking defaults for T1/cmr/m/n on input line 18.
LaTeX Font Info:    ... okay on input line 18.
LaTeX Font Info:    Checking defaults for TS1/cmr/m/n on input line 18.
LaTeX Font Info:    ... okay on input line 18.
LaTeX Font Info:    Checking defaults for OMX/cmex/m/n on input line 18.
LaTeX Font Info:    ... okay on input line 18.
LaTeX Font Info:    Checking defaults for U/cmr/m/n on input line 18.
LaTeX Font Info:    ... okay on input line 18.
 (c:/texlive/2021/texmf-dist/tex/context/base/mkii/supp-pdf.mkii
[Loading MPS to PDF converter (version 2006.09.02).]
\scratchcounter=\count289
\scratchdimen=\dimen154
\scratchbox=\box57
\nofMPsegments=\count290
\nofMParguments=\count291
\everyMPshowfont=\toks28
\MPscratchCnt=\count292
\MPscratchDim=\dimen155
\MPnumerator=\count293
\makeMPintoPDFobject=\count294
\everyMPtoPDFconversion=\toks29
) (c:/texlive/2021/texmf-dist/tex/latex/epstopdf-pkg/epstopdf-base.sty
Package: epstopdf-base 2020-01-24 v2.11 Base part for package epstopdf
Package epstopdf-base Info: Redefining graphics rule for `.eps' on input line 485.
 (c:/texlive/2021/texmf-dist/tex/latex/latexconfig/epstopdf-sys.cfg
File: epstopdf-sys.cfg 2010/07/13 v1.3 Configuration of (r)epstopdf for TeX Live
))
\c@lstlisting=\count295
LaTeX Font Info:    Trying to load font information for U+msa on input line 19.
 (c:/texlive/2021/texmf-dist/tex/latex/amsfonts/umsa.fd
File: umsa.fd 2013/01/14 v3.01 AMS symbols A
)
LaTeX Font Info:    Trying to load font information for U+msb on input line 19.
 (c:/texlive/2021/texmf-dist/tex/latex/amsfonts/umsb.fd
File: umsb.fd 2013/01/14 v3.01 AMS symbols B
)
Overfull \hbox (8.24828pt too wide) in paragraph at lines 22--23
\T1/cmr/m/it/10 Eigen-werte von $\OML/cmm/m/it/10 A$ \T1/cmr/m/it/10 en-thal-ten in $[][] \OML/cmm/m/it/10 S[] \OMS/cmsy/m/n/10 ^^Z \U/msb/m/n/10 C$\T1/cmr/m/it/10 , dabei sind die $\OML/cmm/m/it/10 S[] \OT1/cmr/m/n/10 := \OML/cmm/m/it/10 K\OT1/cmr/m/n/10 (\OML/cmm/m/it/10 a[]; [][]\OT1/cmr/m/n/10 )$\T1/cmr/m/it/10 .
 []


Overfull \hbox (13.66241pt too wide) in paragraph at lines 29--48
\T1/cmr/m/n/10 aus dem End-schritt des Lösens von Gle-ichungssys-te-men mit dem Gauÿ-Algorithmus
 []

[1

{c:/texlive/2021/texmf-var/fonts/map/pdftex/updmap/pdftex.map}] [2]
Overfull \hbox (12.77612pt too wide) in paragraph at lines 142--143
[]\T1/cmr/m/it/10 Die House-holder Spiegelung für einen
 []

[3]
<FehlerWilkinson.png, id=29, 292.09125pt x 252.19218pt>
File: FehlerWilkinson.png Graphic file (type png)
<use FehlerWilkinson.png>
Package pdftex.def Info: FehlerWilkinson.png  used on input line 186.
(pdftex.def)             Requested size: 292.09052pt x 252.19156pt.

Overfull \hbox (3.29784pt too wide) in paragraph at lines 191--192
[]\T1/cmr/m/it/10 Wir definieren für eine Tu-pel $\OML/cmm/m/it/10 T \OT1/cmr/m/n/10 = (\OML/cmm/m/it/10 A[]; A[]; :::; A[]\OT1/cmr/m/n/10 )$
 []

[4]
Overfull \hbox (28.8043pt too wide) in paragraph at lines 221--222
[]\T1/cmr/m/it/10 Sei $[]$ eine nu-merische Näherung
 []

[5 <./FehlerWilkinson.png>]
Overfull \hbox (18.74567pt too wide) in paragraph at lines 236--237
[]\T1/cmr/m/it/10 Eine Nöherung $[]$ zu $\OML/cmm/m/it/10 f$ \T1/cmr/m/it/10 heiÿt \T1/cmr/bx/it/10 rück-wärtssta-
 []


Overfull \hbox (14.23279pt too wide) in paragraph at lines 241--242
[]\T1/cmr/m/it/10 Der Fehler eines Rück-
 []


Overfull \hbox (16.29494pt too wide) in paragraph at lines 245--246
[]
 []


Overfull \hbox (11.3257pt too wide) in paragraph at lines 251--252
[]\T1/cmr/m/it/10 Sei $\OML/cmm/m/it/10 MN \OT1/cmr/m/n/10 = \OML/cmm/m/it/10 A$ \T1/cmr/m/it/10 und $[]\OML/cmm/m/it/10 ; []$
 []


Overfull \hbox (1.06941pt too wide) in paragraph at lines 254--256
\T1/cmr/m/it/10 Ähnliches gilt auch für die Cholesky-Zerlegung, je-doch nciht für die LU-Zerlegung 
 []

[6]
Overfull \hbox (16.46826pt too wide) in paragraph at lines 274--275
[]\T1/cmr/m/it/10 Gegeben ein Aus-gle-ich-sprob-lem $\OML/cmm/m/it/10 A; b$\T1/cmr/m/it/10 , nennt
 []


Overfull \hbox (72.95471pt too wide) in paragraph at lines 279--280
[]
 []

[7]
Underfull \hbox (badness 10000) in paragraph at lines 348--349

 []

[8]
Overfull \hbox (4.97096pt too wide) in paragraph at lines 364--365
[]\T1/cmr/m/it/10 Sei $\OML/cmm/m/it/10 A \OMS/cmsy/m/n/10 2 \U/msb/m/n/10 R[]$ \T1/cmr/m/it/10 sym-metrisch und
 []


Overfull \hbox (8.37668pt too wide) in paragraph at lines 371--396
\T1/cmr/m/n/10 obere Hes-sen-berg Ma-trix. Für eine Obere Hessenberg-Matrix ist die QR-Zerlegung
 []

[9]
Overfull \hbox (40.70586pt too wide) in paragraph at lines 413--418
[]\T1/cmr/bx/n/10 Wilikinson-Shift\T1/cmr/m/n/10 : Bes-timme die Eigen-werte $[]\OML/cmm/m/it/10 ; []$ \T1/cmr/m/n/10 von $[]$.
 []


Overfull \hbox (17.53044pt too wide) in paragraph at lines 420--430
\T1/cmr/m/n/10 Weiterhin kann das Ver-fahren beschle-u-nigt wer-den, in-dem man, sobald $\OMS/cmsy/m/n/10 j\OT1/cmr/m/n/10 (\OML/cmm/m/it/10 A[]\OT1/cmr/m/n/10 )[]\OMS/cmsy/m/n/10 j ^^T
 []


Overfull \hbox (9.92714pt too wide) in paragraph at lines 444--444
[]\T1/cmr/m/it/10 Seien $\OT1/cmr/m/n/10 (\OML/cmm/m/it/10 Q[]\OT1/cmr/m/n/10 )[]$ \T1/cmr/m/it/10 die berech-
 []


Overfull \hbox (19.1503pt too wide) in paragraph at lines 444--444
\T1/cmr/m/it/10 neten $\OML/cmm/m/it/10 Q[]$ \T1/cmr/m/it/10 einer QR-Iteration auf $\OML/cmm/m/it/10 A$\T1/cmr/m/it/10 mit $\OML/cmm/m/it/10 Q[]$ \T1/cmr/m/it/10 der Um-for-mungs-ma-trix für die Hessenberg-
 []

[10]
Overfull \hbox (19.32475pt too wide) in paragraph at lines 448--449
[]
 []


Overfull \hbox (122.301pt too wide) in paragraph at lines 452--453
[]
 []


Overfull \hbox (0.92477pt too wide) in paragraph at lines 458--459
[]\T1/cmr/m/it/10 Gegeben Stützpunkte $\OT1/cmr/m/n/10 (\OML/cmm/m/it/10 x[]; f[]\OT1/cmr/m/n/10 )\OML/cmm/m/it/10 ; :::; \OT1/cmr/m/n/10 (\OML/cmm/m/it/10 x[]; f[]\OT1/cmr/m/n/10 )$ \T1/cmr/m/it/10 finde
 []


Overfull \hbox (1.2434pt too wide) in paragraph at lines 473--474
[]\T1/cmr/m/it/10 Das In-ter-po-la-tion-spoly-nom $\OML/cmm/m/it/10 ^^Y[]$ \T1/cmr/m/it/10 zu den
 []


Overfull \hbox (2.20314pt too wide) in paragraph at lines 481--482
[]\T1/cmr/m/it/10 Die Ma-trix $\OML/cmm/m/it/10 V[] \OMS/cmsy/m/n/10 2 \U/msb/m/n/10 R[]$ \T1/cmr/m/it/10 mit Ein-
 []

[11]
Overfull \hbox (1.35114pt too wide) in paragraph at lines 501--502
[]\T1/cmr/m/it/10 Zu den $\OML/cmm/m/it/10 n \OT1/cmr/m/n/10 + 1$ \T1/cmr/m/it/10 Stützstellen $\OML/cmm/m/it/10 x[]; :::; x[]$ \T1/cmr/m/it/10 definiert
 []

<rungespikes.jpg, id=60, 435.12563pt x 194.22563pt>
File: rungespikes.jpg Graphic file (type jpg)
<use rungespikes.jpg>
Package pdftex.def Info: rungespikes.jpg  used on input line 516.
(pdftex.def)             Requested size: 348.10097pt x 155.3807pt.

Overfull \hbox (3.10097pt too wide) in paragraph at lines 516--517
 [][] 
 []


Overfull \hbox (62.69278pt too wide) in paragraph at lines 527--528
[]$\OML/cmm/m/it/10 T[] \OT1/cmr/m/n/10 = 1\OML/cmm/m/it/10 ; T[]\OT1/cmr/m/n/10 (\OML/cmm/m/it/10 x\OT1/cmr/m/n/10 )\OML/cmm/m/it/10 ; T[]\OT1/cmr/m/n/10 (\OML/cmm/m/it/10 x\OT1/cmr/m/n/10 ) =
 []

[12]
<aitken-neville.jpg, id=64, 538.26094pt x 287.57437pt>
File: aitken-neville.jpg Graphic file (type jpg)
<use aitken-neville.jpg>
Package pdftex.def Info: aitken-neville.jpg  used on input line 550.
(pdftex.def)             Requested size: 269.1298pt x 143.78683pt.
 [13 <./rungespikes.jpg>]
Overfull \hbox (6.81319pt too wide) in paragraph at lines 553--554
[]\T1/cmr/m/it/10 Für $\OML/cmm/m/it/10 l$ \T1/cmr/m/it/10 ver-schiedene
 []


Overfull \hbox (12.8026pt too wide) in paragraph at lines 557--558
[]\T1/cmr/m/it/10 Die Darstel-lung eines
 []

[14 <./aitken-neville.jpg>]
Overfull \hbox (19.38701pt too wide) in paragraph at lines 589--590
[]\T1/cmr/m/it/10 Wir definieren die \T1/cmr/bx/it/10 baryzen-trischen
 []


Overfull \hbox (6.44177pt too wide) in paragraph at lines 593--594
[]\T1/cmr/m/it/10 Für
 []


Overfull \hbox (8.90216pt too wide) in paragraph at lines 597--598
[]\T1/cmr/m/it/10 Die Gewichte haben
 []


Overfull \hbox (0.98544pt too wide) in paragraph at lines 606--607
[]\T1/cmr/m/it/10 Die Berech-nung von $\OML/cmm/m/it/10 l$ \T1/cmr/m/it/10 Funk-tio-nen an $\OML/cmm/m/it/10 m$ \T1/cmr/m/it/10 Auswer-tungsstellen kostet
 []


Overfull \hbox (18.96208pt too wide) in paragraph at lines 610--611
[]\T1/cmr/m/it/10 Wir definieren die \T1/cmr/bx/it/10 Lebesgue-Konstante
 []


Overfull \hbox (6.97913pt too wide) in paragraph at lines 625--626
[]\T1/cmr/m/it/10 Es
 []

[15]
Overfull \hbox (2.53163pt too wide) in paragraph at lines 629--630
[]
 []


Overfull \hbox (30.77736pt too wide) in paragraph at lines 633--634
[]\T1/cmr/m/it/10 Die Lebesgue-
 []


Overfull \hbox (21.24358pt too wide) in paragraph at lines 661--663
[]\T1/cmr/m/it/10 Um einen ku-bis-chen Spline
 []

[16]
Overfull \hbox (1.27283pt too wide) in paragraph at lines 670--671
[]\T1/cmr/m/it/10 Für $\OML/cmm/m/it/10 s \OMS/cmsy/m/n/10 2
 []


LaTeX Warning: Command \" invalid in math mode on input line 676.

Missing character: There is no ü in font cmr10!
[17]
Overfull \hbox (7.69897pt too wide) in paragraph at lines 756--757
[]$\OML/cmm/m/it/10 S[]$ \T1/cmr/m/it/10 kann durch fol-gende
 []


Overfull \hbox (8.74539pt too wide) in paragraph at lines 773--774
[]
 []


Overfull \hbox (14.2272pt too wide) in paragraph at lines 782--783
[]\T1/cmr/m/it/10 Eine \T1/cmr/bx/it/10 Quadratur-formel \T1/cmr/m/it/10 hat im all-ge-meinen
 []

[18]
Overfull \hbox (1.76633pt too wide) in paragraph at lines 787--788
[]\T1/cmr/m/it/10 Eine Quadratur-formel hat den \T1/cmr/bx/it/10 Ex-ak-theits-
 []


Overfull \hbox (5.1017pt too wide) in paragraph at lines 790--791
[]\T1/cmr/m/it/10 Eine \T1/cmr/bx/it/10 sym-metrische QF
 []


Overfull \hbox (5.78033pt too wide) in paragraph at lines 795--796
[]\T1/cmr/m/it/10 Jede QF vom In-
 []


Overfull \hbox (7.64577pt too wide) in paragraph at lines 806--807
[]\T1/cmr/m/it/10 Bei der New-ton Cotes QF sind die Punkte
 []


Overfull \hbox (45.49759pt too wide) in paragraph at lines 816--823
 [] 
 []

[19]
Overfull \hbox (30.9523pt too wide) in paragraph at lines 855--856
[]\T1/cmr/m/it/10 Die or-thog-o-nalen Poly-nome für ein Skalarpro-
 []

[20]
Overfull \hbox (1.81702pt too wide) in paragraph at lines 869--871
[]\T1/cmr/m/it/10 Die Gegenbauer-Polynome $\OML/cmm/m/it/10 G[]$ \T1/cmr/m/it/10 sind
 []


Overfull \hbox (0.74995pt too wide) in paragraph at lines 889--890
[]\T1/cmr/m/it/10 Die Hermite-Polynome sind or-thog-o-nal
 []

[21]
Overfull \hbox (11.18858pt too wide) in paragraph at lines 912--914
\OML/cmm/m/it/10 e[]f\OT1/cmr/m/n/10 (\OML/cmm/m/it/10 x\OT1/cmr/m/n/10 )$ \T1/cmr/m/it/10 und es gilt $[][] \OML/cmm/m/it/10 e[]^^^\OT1/cmr/m/n/10 (\OML/cmm/m/it/10 x\OT1/cmr/m/n/10 ) = \OML/cmm/m/it/10 I\OT1/cmr/m/n/10 (\OML/cmm/m/it/10 f\OT1/cmr/m/n/10 )$ \T1/cmr/m/it/10 Man quadriere nun $\OML/cmm/m/it/10 ^^^$ \T1/cmr/m/it/10 mit den Stützstellen
 []


Overfull \hbox (2.11537pt too wide) in paragraph at lines 918--919
[]\T1/cmr/m/it/10 Ein nu-merisches Schema $\OML/cmm/m/it/10 A$ \T1/cmr/m/it/10 mit
 []


Overfull \hbox (19.46068pt too wide) in paragraph at lines 960--961
[]\T1/cmr/m/it/10 Das Bisek-tionsver-fahren
 []

[22]
Overfull \hbox (12.4437pt too wide) in paragraph at lines 972--986
\T1/cmr/m/n/10 Null-stelle $\OML/cmm/m/it/10 x[]$ \T1/cmr/m/n/10 liegen recht schnell, allerd-ings kön-nen Fehler auftreten, falls $\OML/cmm/m/it/10 f\OT1/cmr/m/n/10 (\OML/cmm/m/it/10 x[]\OT1/cmr/m/n/10 ) =
 []

[23]
Overfull \hbox (12.5721pt too wide) in paragraph at lines 1033--1034
[]\T1/cmr/m/it/10 Hier wird $\OML/cmm/m/it/10 DF\OT1/cmr/m/n/10 (\OML/cmm/m/it/10 x[]\OT1/cmr/m/n/10 )^^A\OML/cmm/m/it/10 x[] \OT1/cmr/m/n/10 = \OML/cmm/m/it/10 F\OT1/cmr/m/n/10 (\OML/cmm/m/it/10 x[]\OT1/cmr/m/n/10 )$
 []


Overfull \hbox (0.7513pt too wide) in paragraph at lines 1039--1040
[]\T1/cmr/m/it/10 Für ein Newton-artiges Ver-fahren
 []

[24]
Overfull \hbox (0.14491pt too wide) in paragraph at lines 1046--1047
[]\T1/cmr/m/it/10 Sei $\OML/cmm/m/it/10 A$ \T1/cmr/m/it/10 in-vertier-ber, dann ist $\OML/cmm/m/it/10 A \OT1/cmr/m/n/10 +
 []

[25] (./document.aux) ) 
Here is how much of TeX's memory you used:
 4724 strings out of 478579
 64398 string characters out of 5857457
 569285 words of memory out of 5000000
 22564 multiletter control sequences out of 15000+600000
 421354 words of font info for 69 fonts, out of 8000000 for 9000
 1141 hyphenation exceptions out of 8191
 57i,13n,66p,417b,337s stack positions out of 5000i,500n,10000p,200000b,80000s
{c:/texlive/2021/texmf-dist/fonts/enc/dvips/cm-super/cm-super-t1.enc}{c:/texlive/2021/texmf-dist/fonts/enc/dvips/cm-super/cm-super-ts1.enc}<c:/texlive/2021/texmf-dist/fonts/type1/public/amsfonts/cm/cmex10.pfb><c:/texlive/2021/texmf-dist/fonts/type1/public/amsfonts/cmextra/cmex7.pfb><c:/texlive/2021/texmf-dist/fonts/type1/public/amsfonts/cm/cmmi10.pfb><c:/texlive/2021/texmf-dist/fonts/type1/public/amsfonts/cm/cmmi5.pfb><c:/texlive/2021/texmf-dist/fonts/type1/public/amsfonts/cm/cmmi7.pfb><c:/texlive/2021/texmf-dist/fonts/type1/public/amsfonts/cm/cmr10.pfb><c:/texlive/2021/texmf-dist/fonts/type1/public/amsfonts/cm/cmr5.pfb><c:/texlive/2021/texmf-dist/fonts/type1/public/amsfonts/cm/cmr7.pfb><c:/texlive/2021/texmf-dist/fonts/type1/public/amsfonts/cm/cmsy10.pfb><c:/texlive/2021/texmf-dist/fonts/type1/public/amsfonts/cm/cmsy5.pfb><c:/texlive/2021/texmf-dist/fonts/type1/public/amsfonts/cm/cmsy7.pfb><c:/texlive/2021/texmf-dist/fonts/type1/public/amsfonts/symbols/msbm10.pfb><c:/texlive/2021/texmf-dist/fonts/type1/public/amsfonts/symbols/msbm7.pfb><c:/texlive/2021/texmf-dist/fonts/type1/public/cm-super/sfbi1000.pfb><c:/texlive/2021/texmf-dist/fonts/type1/public/cm-super/sfbx1000.pfb><c:/texlive/2021/texmf-dist/fonts/type1/public/cm-super/sfbx1200.pfb><c:/texlive/2021/texmf-dist/fonts/type1/public/cm-super/sfbx1440.pfb><c:/texlive/2021/texmf-dist/fonts/type1/public/cm-super/sfrm1000.pfb><c:/texlive/2021/texmf-dist/fonts/type1/public/cm-super/sfrm1200.pfb><c:/texlive/2021/texmf-dist/fonts/type1/public/cm-super/sfrm1728.pfb><c:/texlive/2021/texmf-dist/fonts/type1/public/cm-super/sfti1000.pfb>
Output written on document.pdf (25 pages, 562243 bytes).
PDF statistics:
 201 PDF objects out of 1000 (max. 8388607)
 125 compressed objects within 2 object streams
 0 named destinations out of 1000 (max. 500000)
 16 words of extra memory for PDF output out of 10000 (max. 10000000)

